Analysis & Synthesis report for DE10_LITE
Wed Sep 23 12:43:54 2020
Quartus Prime Version 16.1.0 Build 196 10/24/2016 SJ Lite Edition


---------------------
; Table of Contents ;
---------------------
  1. Legal Notice
  2. Analysis & Synthesis Summary
  3. Analysis & Synthesis Settings
  4. Parallel Compilation
  5. Analysis & Synthesis Source Files Read
  6. Analysis & Synthesis Resource Usage Summary
  7. Analysis & Synthesis Resource Utilization by Entity
  8. State Machine - |DE10_Lite|pulse_gen:I_PulseGen_BTN2|state
  9. State Machine - |DE10_Lite|pulse_gen:I_PulseGen_BTN0|state
 10. Registers Removed During Synthesis
 11. General Register Statistics
 12. Multiplexer Restructuring Statistics (Restructuring Performed)
 13. Parameter Settings for User Entity Instance: debounce:I_DEBOUNCE_KEY1
 14. Parameter Settings for User Entity Instance: debounce:I_DEBOUNCE_KEY0
 15. Post-Synthesis Netlist Statistics for Top Partition
 16. Elapsed Time Per Partition
 17. Analysis & Synthesis Messages



----------------
; Legal Notice ;
----------------
Copyright (C) 2016  Intel Corporation. All rights reserved.
Your use of Intel Corporation's design tools, logic functions 
and other software and tools, and its AMPP partner logic 
functions, and any output files from any of the foregoing 
(including device programming or simulation files), and any 
associated documentation or information are expressly subject 
to the terms and conditions of the Intel Program License 
Subscription Agreement, the Intel Quartus Prime License Agreement,
the Intel MegaCore Function License Agreement, or other 
applicable license agreement, including, without limitation, 
that your use is for the sole purpose of programming logic 
devices manufactured by Intel and sold by Intel or its 
authorized distributors.  Please refer to the applicable 
agreement for further details.



+----------------------------------------------------------------------------------+
; Analysis & Synthesis Summary                                                     ;
+------------------------------------+---------------------------------------------+
; Analysis & Synthesis Status        ; Successful - Wed Sep 23 12:43:54 2020       ;
; Quartus Prime Version              ; 16.1.0 Build 196 10/24/2016 SJ Lite Edition ;
; Revision Name                      ; DE10_LITE                                   ;
; Top-level Entity Name              ; DE10_Lite                                   ;
; Family                             ; MAX 10                                      ;
; Total logic elements               ; 162                                         ;
;     Total combinational functions  ; 158                                         ;
;     Dedicated logic registers      ; 62                                          ;
; Total registers                    ; 62                                          ;
; Total pins                         ; 71                                          ;
; Total virtual pins                 ; 0                                           ;
; Total memory bits                  ; 0                                           ;
; Embedded Multiplier 9-bit elements ; 0                                           ;
; Total PLLs                         ; 0                                           ;
; UFM blocks                         ; 0                                           ;
; ADC blocks                         ; 0                                           ;
+------------------------------------+---------------------------------------------+


+----------------------------------------------------------------------------------------------------------------------+
; Analysis & Synthesis Settings                                                                                        ;
+----------------------------------------------------------------------------+--------------------+--------------------+
; Option                                                                     ; Setting            ; Default Value      ;
+----------------------------------------------------------------------------+--------------------+--------------------+
; Device                                                                     ; 10M50DAF484C7G     ;                    ;
; Top-level entity name                                                      ; DE10_LITE          ; DE10_LITE          ;
; Family name                                                                ; MAX 10 FPGA        ; Cyclone V          ;
; Use smart compilation                                                      ; Off                ; Off                ;
; Enable parallel Assembler and TimeQuest Timing Analyzer during compilation ; On                 ; On                 ;
; Enable compact report table                                                ; Off                ; Off                ;
; Restructure Multiplexers                                                   ; Auto               ; Auto               ;
; Create Debugging Nodes for IP Cores                                        ; Off                ; Off                ;
; Preserve fewer node names                                                  ; On                 ; On                 ;
; OpenCore Plus hardware evaluation                                          ; Enable             ; Enable             ;
; Verilog Version                                                            ; Verilog_2001       ; Verilog_2001       ;
; VHDL Version                                                               ; VHDL_1993          ; VHDL_1993          ;
; State Machine Processing                                                   ; Auto               ; Auto               ;
; Safe State Machine                                                         ; Off                ; Off                ;
; Extract Verilog State Machines                                             ; On                 ; On                 ;
; Extract VHDL State Machines                                                ; On                 ; On                 ;
; Ignore Verilog initial constructs                                          ; Off                ; Off                ;
; Iteration limit for constant Verilog loops                                 ; 5000               ; 5000               ;
; Iteration limit for non-constant Verilog loops                             ; 250                ; 250                ;
; Add Pass-Through Logic to Inferred RAMs                                    ; On                 ; On                 ;
; Infer RAMs from Raw Logic                                                  ; On                 ; On                 ;
; Parallel Synthesis                                                         ; On                 ; On                 ;
; DSP Block Balancing                                                        ; Auto               ; Auto               ;
; NOT Gate Push-Back                                                         ; On                 ; On                 ;
; Power-Up Don't Care                                                        ; On                 ; On                 ;
; Remove Redundant Logic Cells                                               ; Off                ; Off                ;
; Remove Duplicate Registers                                                 ; On                 ; On                 ;
; Ignore CARRY Buffers                                                       ; Off                ; Off                ;
; Ignore CASCADE Buffers                                                     ; Off                ; Off                ;
; Ignore GLOBAL Buffers                                                      ; Off                ; Off                ;
; Ignore ROW GLOBAL Buffers                                                  ; Off                ; Off                ;
; Ignore LCELL Buffers                                                       ; Off                ; Off                ;
; Ignore SOFT Buffers                                                        ; On                 ; On                 ;
; Limit AHDL Integers to 32 Bits                                             ; Off                ; Off                ;
; Optimization Technique                                                     ; Balanced           ; Balanced           ;
; Carry Chain Length                                                         ; 70                 ; 70                 ;
; Auto Carry Chains                                                          ; On                 ; On                 ;
; Auto Open-Drain Pins                                                       ; On                 ; On                 ;
; Perform WYSIWYG Primitive Resynthesis                                      ; Off                ; Off                ;
; Auto ROM Replacement                                                       ; On                 ; On                 ;
; Auto RAM Replacement                                                       ; On                 ; On                 ;
; Auto DSP Block Replacement                                                 ; On                 ; On                 ;
; Auto Shift Register Replacement                                            ; Auto               ; Auto               ;
; Allow Shift Register Merging across Hierarchies                            ; Auto               ; Auto               ;
; Auto Clock Enable Replacement                                              ; On                 ; On                 ;
; Strict RAM Replacement                                                     ; Off                ; Off                ;
; Allow Synchronous Control Signals                                          ; On                 ; On                 ;
; Force Use of Synchronous Clear Signals                                     ; Off                ; Off                ;
; Auto RAM Block Balancing                                                   ; On                 ; On                 ;
; Auto RAM to Logic Cell Conversion                                          ; Off                ; Off                ;
; Auto Resource Sharing                                                      ; Off                ; Off                ;
; Allow Any RAM Size For Recognition                                         ; Off                ; Off                ;
; Allow Any ROM Size For Recognition                                         ; Off                ; Off                ;
; Allow Any Shift Register Size For Recognition                              ; Off                ; Off                ;
; Use LogicLock Constraints during Resource Balancing                        ; On                 ; On                 ;
; Ignore translate_off and synthesis_off directives                          ; Off                ; Off                ;
; Timing-Driven Synthesis                                                    ; On                 ; On                 ;
; Report Parameter Settings                                                  ; On                 ; On                 ;
; Report Source Assignments                                                  ; On                 ; On                 ;
; Report Connectivity Checks                                                 ; On                 ; On                 ;
; Ignore Maximum Fan-Out Assignments                                         ; Off                ; Off                ;
; Synchronization Register Chain Length                                      ; 2                  ; 2                  ;
; PowerPlay Power Optimization During Synthesis                              ; Normal compilation ; Normal compilation ;
; HDL message level                                                          ; Level2             ; Level2             ;
; Suppress Register Optimization Related Messages                            ; Off                ; Off                ;
; Number of Removed Registers Reported in Synthesis Report                   ; 5000               ; 5000               ;
; Number of Swept Nodes Reported in Synthesis Report                         ; 5000               ; 5000               ;
; Number of Inverted Registers Reported in Synthesis Report                  ; 100                ; 100                ;
; Clock MUX Protection                                                       ; On                 ; On                 ;
; Auto Gated Clock Conversion                                                ; Off                ; Off                ;
; Block Design Naming                                                        ; Auto               ; Auto               ;
; SDC constraint protection                                                  ; Off                ; Off                ;
; Synthesis Effort                                                           ; Auto               ; Auto               ;
; Shift Register Replacement - Allow Asynchronous Clear Signal               ; On                 ; On                 ;
; Pre-Mapping Resynthesis Optimization                                       ; Off                ; Off                ;
; Analysis & Synthesis Message Level                                         ; Medium             ; Medium             ;
; Disable Register Merging Across Hierarchies                                ; Auto               ; Auto               ;
; Resource Aware Inference For Block RAM                                     ; On                 ; On                 ;
+----------------------------------------------------------------------------+--------------------+--------------------+


+------------------------------------------+
; Parallel Compilation                     ;
+----------------------------+-------------+
; Processors                 ; Number      ;
+----------------------------+-------------+
; Number detected on machine ; 4           ;
; Maximum allowed            ; 2           ;
;                            ;             ;
; Average used               ; 1.00        ;
; Maximum used               ; 2           ;
;                            ;             ;
; Usage by Processor         ; % Time Used ;
;     Processor 1            ; 100.0%      ;
;     Processor 2            ;   0.0%      ;
+----------------------------+-------------+


+-----------------------------------------------------------------------------------------------------------------------------------------------------------------+
; Analysis & Synthesis Source Files Read                                                                                                                          ;
+----------------------------------+-----------------+-----------------+--------------------------------------------------------------------------------+---------+
; File Name with User-Entered Path ; Used in Netlist ; File Type       ; File Name with Absolute Path                                                   ; Library ;
+----------------------------------+-----------------+-----------------+--------------------------------------------------------------------------------+---------+
; DE10_LITE_const_pkg.vhd          ; yes             ; User VHDL File  ; C:/Users/lukas/Dropbox/TGM/TGM_4/DIC_Graebner/BC_4AHEL/DE10_LITE_const_pkg.vhd ;         ;
; debounce.vhd                     ; yes             ; User VHDL File  ; C:/Users/lukas/Dropbox/TGM/TGM_4/DIC_Graebner/BC_4AHEL/debounce.vhd            ;         ;
; pulse_gen.vhd                    ; yes             ; User VHDL File  ; C:/Users/lukas/Dropbox/TGM/TGM_4/DIC_Graebner/BC_4AHEL/pulse_gen.vhd           ;         ;
; DE10_LITE.vhd                    ; yes             ; User VHDL File  ; C:/Users/lukas/Dropbox/TGM/TGM_4/DIC_Graebner/BC_4AHEL/DE10_LITE.vhd           ;         ;
+----------------------------------+-----------------+-----------------+--------------------------------------------------------------------------------+---------+


+-------------------------------------------------------------------+
; Analysis & Synthesis Resource Usage Summary                       ;
+---------------------------------------------+---------------------+
; Resource                                    ; Usage               ;
+---------------------------------------------+---------------------+
; Estimated Total logic elements              ; 162                 ;
;                                             ;                     ;
; Total combinational functions               ; 158                 ;
; Logic element usage by number of LUT inputs ;                     ;
;     -- 4 input functions                    ; 94                  ;
;     -- 3 input functions                    ; 24                  ;
;     -- <=2 input functions                  ; 40                  ;
;                                             ;                     ;
; Logic elements by mode                      ;                     ;
;     -- normal mode                          ; 113                 ;
;     -- arithmetic mode                      ; 45                  ;
;                                             ;                     ;
; Total registers                             ; 62                  ;
;     -- Dedicated logic registers            ; 62                  ;
;     -- I/O registers                        ; 0                   ;
;                                             ;                     ;
; I/O pins                                    ; 71                  ;
;                                             ;                     ;
; Embedded Multiplier 9-bit elements          ; 0                   ;
;                                             ;                     ;
; Maximum fan-out node                        ; MAX10_CLK1_50~input ;
; Maximum fan-out                             ; 62                  ;
; Total fan-out                               ; 820                 ;
; Average fan-out                             ; 2.27                ;
+---------------------------------------------+---------------------+


+---------------------------------------------------------------------------------------------------------------------------------------------------------------------------------------------------------------------------------------------------------+
; Analysis & Synthesis Resource Utilization by Entity                                                                                                                                                                                                     ;
+--------------------------------+---------------------+---------------------------+-------------+------------+--------------+---------+-----------+------+--------------+------------+--------------------------------------+-------------+--------------+
; Compilation Hierarchy Node     ; Combinational ALUTs ; Dedicated Logic Registers ; Memory Bits ; UFM Blocks ; DSP Elements ; DSP 9x9 ; DSP 18x18 ; Pins ; Virtual Pins ; ADC blocks ; Full Hierarchy Name                  ; Entity Name ; Library Name ;
+--------------------------------+---------------------+---------------------------+-------------+------------+--------------+---------+-----------+------+--------------+------------+--------------------------------------+-------------+--------------+
; |DE10_Lite                     ; 158 (108)           ; 62 (24)                   ; 0           ; 0          ; 0            ; 0       ; 0         ; 71   ; 0            ; 0          ; |DE10_Lite                           ; DE10_Lite   ; work         ;
;    |debounce:I_DEBOUNCE_KEY0|  ; 36 (36)             ; 24 (24)                   ; 0           ; 0          ; 0            ; 0       ; 0         ; 0    ; 0            ; 0          ; |DE10_Lite|debounce:I_DEBOUNCE_KEY0  ; debounce    ; work         ;
;    |debounce:I_DEBOUNCE_KEY1|  ; 10 (10)             ; 8 (8)                     ; 0           ; 0          ; 0            ; 0       ; 0         ; 0    ; 0            ; 0          ; |DE10_Lite|debounce:I_DEBOUNCE_KEY1  ; debounce    ; work         ;
;    |pulse_gen:I_PulseGen_BTN0| ; 2 (2)               ; 3 (3)                     ; 0           ; 0          ; 0            ; 0       ; 0         ; 0    ; 0            ; 0          ; |DE10_Lite|pulse_gen:I_PulseGen_BTN0 ; pulse_gen   ; work         ;
;    |pulse_gen:I_PulseGen_BTN2| ; 2 (2)               ; 3 (3)                     ; 0           ; 0          ; 0            ; 0       ; 0         ; 0    ; 0            ; 0          ; |DE10_Lite|pulse_gen:I_PulseGen_BTN2 ; pulse_gen   ; work         ;
+--------------------------------+---------------------+---------------------------+-------------+------------+--------------+---------+-----------+------+--------------+------------+--------------------------------------+-------------+--------------+
Note: For table entries with two numbers listed, the numbers in parentheses indicate the number of resources of the given type used by the specific entity alone. The numbers listed outside of parentheses indicate the total resources of the given type used by the specific entity and all of its sub-entities in the hierarchy.


Encoding Type:  One-Hot
+-----------------------------------------------------------------+
; State Machine - |DE10_Lite|pulse_gen:I_PulseGen_BTN2|state      ;
+----------------+---------------+----------------+---------------+
; Name           ; state.ST_WAIT ; state.ST_PULSE ; state.ST_IDLE ;
+----------------+---------------+----------------+---------------+
; state.ST_IDLE  ; 0             ; 0              ; 0             ;
; state.ST_PULSE ; 0             ; 1              ; 1             ;
; state.ST_WAIT  ; 1             ; 0              ; 1             ;
+----------------+---------------+----------------+---------------+


Encoding Type:  One-Hot
+-----------------------------------------------------------------+
; State Machine - |DE10_Lite|pulse_gen:I_PulseGen_BTN0|state      ;
+----------------+---------------+----------------+---------------+
; Name           ; state.ST_WAIT ; state.ST_PULSE ; state.ST_IDLE ;
+----------------+---------------+----------------+---------------+
; state.ST_IDLE  ; 0             ; 0              ; 0             ;
; state.ST_PULSE ; 0             ; 1              ; 1             ;
; state.ST_WAIT  ; 1             ; 0              ; 1             ;
+----------------+---------------+----------------+---------------+


+-------------------------------------------------------------------------------------------------------+
; Registers Removed During Synthesis                                                                    ;
+---------------------------------------------+---------------------------------------------------------+
; Register name                               ; Reason for Removal                                      ;
+---------------------------------------------+---------------------------------------------------------+
; debounce:I_DEBOUNCE_KEY1|sample_pulse       ; Merged with debounce:I_DEBOUNCE_KEY0|sample_pulse       ;
; debounce:I_DEBOUNCE_KEY1|sample_counter[12] ; Merged with debounce:I_DEBOUNCE_KEY0|sample_counter[12] ;
; debounce:I_DEBOUNCE_KEY1|sample_counter[11] ; Merged with debounce:I_DEBOUNCE_KEY0|sample_counter[11] ;
; debounce:I_DEBOUNCE_KEY1|sample_counter[10] ; Merged with debounce:I_DEBOUNCE_KEY0|sample_counter[10] ;
; debounce:I_DEBOUNCE_KEY1|sample_counter[9]  ; Merged with debounce:I_DEBOUNCE_KEY0|sample_counter[9]  ;
; debounce:I_DEBOUNCE_KEY1|sample_counter[6]  ; Merged with debounce:I_DEBOUNCE_KEY0|sample_counter[6]  ;
; debounce:I_DEBOUNCE_KEY1|sample_counter[4]  ; Merged with debounce:I_DEBOUNCE_KEY0|sample_counter[4]  ;
; debounce:I_DEBOUNCE_KEY1|sample_counter[3]  ; Merged with debounce:I_DEBOUNCE_KEY0|sample_counter[3]  ;
; debounce:I_DEBOUNCE_KEY1|sample_counter[14] ; Merged with debounce:I_DEBOUNCE_KEY0|sample_counter[14] ;
; debounce:I_DEBOUNCE_KEY1|sample_counter[13] ; Merged with debounce:I_DEBOUNCE_KEY0|sample_counter[13] ;
; debounce:I_DEBOUNCE_KEY1|sample_counter[8]  ; Merged with debounce:I_DEBOUNCE_KEY0|sample_counter[8]  ;
; debounce:I_DEBOUNCE_KEY1|sample_counter[7]  ; Merged with debounce:I_DEBOUNCE_KEY0|sample_counter[7]  ;
; debounce:I_DEBOUNCE_KEY1|sample_counter[5]  ; Merged with debounce:I_DEBOUNCE_KEY0|sample_counter[5]  ;
; debounce:I_DEBOUNCE_KEY1|sample_counter[2]  ; Merged with debounce:I_DEBOUNCE_KEY0|sample_counter[2]  ;
; debounce:I_DEBOUNCE_KEY1|sample_counter[1]  ; Merged with debounce:I_DEBOUNCE_KEY0|sample_counter[1]  ;
; debounce:I_DEBOUNCE_KEY1|sample_counter[0]  ; Merged with debounce:I_DEBOUNCE_KEY0|sample_counter[0]  ;
; pulse_gen:I_PulseGen_BTN2|state.ST_PULSE    ; Lost fanout                                             ;
; pulse_gen:I_PulseGen_BTN0|state.ST_PULSE    ; Lost fanout                                             ;
; Total Number of Removed Registers = 18      ;                                                         ;
+---------------------------------------------+---------------------------------------------------------+


+------------------------------------------------------+
; General Register Statistics                          ;
+----------------------------------------------+-------+
; Statistic                                    ; Value ;
+----------------------------------------------+-------+
; Total registers                              ; 62    ;
; Number of registers using Synchronous Clear  ; 10    ;
; Number of registers using Synchronous Load   ; 0     ;
; Number of registers using Asynchronous Clear ; 30    ;
; Number of registers using Asynchronous Load  ; 0     ;
; Number of registers using Clock Enable       ; 10    ;
; Number of registers using Preset             ; 0     ;
+----------------------------------------------+-------+


+-----------------------------------------------------------------------------------------------------------------------------------------------------------------------+
; Multiplexer Restructuring Statistics (Restructuring Performed)                                                                                                        ;
+--------------------+-----------+---------------+----------------------+------------------------+------------+---------------------------------------------------------+
; Multiplexer Inputs ; Bus Width ; Baseline Area ; Area if Restructured ; Saving if Restructured ; Registered ; Example Multiplexer Output                              ;
+--------------------+-----------+---------------+----------------------+------------------------+------------+---------------------------------------------------------+
; 3:1                ; 5 bits    ; 10 LEs        ; 5 LEs                ; 5 LEs                  ; Yes        ; |DE10_Lite|debounce:I_DEBOUNCE_KEY0|debounce_counter[1] ;
; 3:1                ; 5 bits    ; 10 LEs        ; 5 LEs                ; 5 LEs                  ; Yes        ; |DE10_Lite|debounce:I_DEBOUNCE_KEY1|debounce_counter[0] ;
; 4:1                ; 24 bits   ; 48 LEs        ; 48 LEs               ; 0 LEs                  ; Yes        ; |DE10_Lite|counter_nat[16]                              ;
; 5:1                ; 2 bits    ; 6 LEs         ; 4 LEs                ; 2 LEs                  ; No         ; |DE10_Lite|pulse_gen:I_PulseGen_BTN2|Selector0          ;
; 5:1                ; 2 bits    ; 6 LEs         ; 4 LEs                ; 2 LEs                  ; No         ; |DE10_Lite|pulse_gen:I_PulseGen_BTN0|Selector2          ;
+--------------------+-----------+---------------+----------------------+------------------------+------------+---------------------------------------------------------+


+-----------------------------------------------------------------------+
; Parameter Settings for User Entity Instance: debounce:I_DEBOUNCE_KEY1 ;
+-----------------+-------------------+---------------------------------+
; Parameter Name  ; Value             ; Type                            ;
+-----------------+-------------------+---------------------------------+
; clock_period    ; 20000000 fs       ; Physical                        ;
; sample_period   ; 500000000000 fs   ; Physical                        ;
; mintime_pressed ; 10000000000000 fs ; Physical                        ;
+-----------------+-------------------+---------------------------------+
Note: In order to hide this table in the UI and the text report file, please set the "Show Parameter Settings in Synthesis Report" option in "Analysis and Synthesis Settings -> More Settings" to "Off".


+-----------------------------------------------------------------------+
; Parameter Settings for User Entity Instance: debounce:I_DEBOUNCE_KEY0 ;
+-----------------+-------------------+---------------------------------+
; Parameter Name  ; Value             ; Type                            ;
+-----------------+-------------------+---------------------------------+
; clock_period    ; 20000000 fs       ; Physical                        ;
; sample_period   ; 500000000000 fs   ; Physical                        ;
; mintime_pressed ; 10000000000000 fs ; Physical                        ;
+-----------------+-------------------+---------------------------------+
Note: In order to hide this table in the UI and the text report file, please set the "Show Parameter Settings in Synthesis Report" option in "Analysis and Synthesis Settings -> More Settings" to "Off".


+-----------------------------------------------------+
; Post-Synthesis Netlist Statistics for Top Partition ;
+-----------------------+-----------------------------+
; Type                  ; Count                       ;
+-----------------------+-----------------------------+
; boundary_port         ; 71                          ;
; cycloneiii_ff         ; 62                          ;
;     CLR               ; 30                          ;
;     ENA SCLR          ; 10                          ;
;     plain             ; 22                          ;
; cycloneiii_lcell_comb ; 165                         ;
;     arith             ; 45                          ;
;         2 data inputs ; 23                          ;
;         3 data inputs ; 22                          ;
;     normal            ; 120                         ;
;         0 data inputs ; 1                           ;
;         1 data inputs ; 11                          ;
;         2 data inputs ; 12                          ;
;         3 data inputs ; 2                           ;
;         4 data inputs ; 94                          ;
;                       ;                             ;
; Max LUT depth         ; 4.30                        ;
; Average LUT depth     ; 2.74                        ;
+-----------------------+-----------------------------+


+-------------------------------+
; Elapsed Time Per Partition    ;
+----------------+--------------+
; Partition Name ; Elapsed Time ;
+----------------+--------------+
; Top            ; 00:00:01     ;
+----------------+--------------+


+-------------------------------+
; Analysis & Synthesis Messages ;
+-------------------------------+
Info: *******************************************************************
Info: Running Quartus Prime Analysis & Synthesis
    Info: Version 16.1.0 Build 196 10/24/2016 SJ Lite Edition
    Info: Processing started: Wed Sep 23 12:43:29 2020
Info: Command: quartus_map --read_settings_files=on --write_settings_files=off DE10_LITE -c DE10_LITE
Warning (18236): Number of processors has not been specified which may cause overloading on shared machines.  Set the global assignment NUM_PARALLEL_PROCESSORS in your QSF to an appropriate value for best performance.
Info (20030): Parallel compilation is enabled and will use 2 of the 2 processors detected
Info (12021): Found 1 design units, including 0 entities, in source file de10_lite_const_pkg.vhd
    Info (12022): Found design unit 1: DE10_Lite_const_pkg File: C:/Users/lukas/Dropbox/TGM/TGM_4/DIC_Graebner/BC_4AHEL/DE10_LITE_const_pkg.vhd Line: 14
Info (12021): Found 2 design units, including 1 entities, in source file debounce.vhd
    Info (12022): Found design unit 1: debounce-rtl File: C:/Users/lukas/Dropbox/TGM/TGM_4/DIC_Graebner/BC_4AHEL/debounce.vhd Line: 36
    Info (12023): Found entity 1: debounce File: C:/Users/lukas/Dropbox/TGM/TGM_4/DIC_Graebner/BC_4AHEL/debounce.vhd Line: 24
Info (12021): Found 2 design units, including 1 entities, in source file pulse_gen.vhd
    Info (12022): Found design unit 1: pulse_gen-rtl File: C:/Users/lukas/Dropbox/TGM/TGM_4/DIC_Graebner/BC_4AHEL/pulse_gen.vhd Line: 26
    Info (12023): Found entity 1: pulse_gen File: C:/Users/lukas/Dropbox/TGM/TGM_4/DIC_Graebner/BC_4AHEL/pulse_gen.vhd Line: 15
Info (12021): Found 2 design units, including 1 entities, in source file de10_lite.vhd
    Info (12022): Found design unit 1: DE10_Lite-rtl File: C:/Users/lukas/Dropbox/TGM/TGM_4/DIC_Graebner/BC_4AHEL/DE10_LITE.vhd Line: 36
    Info (12023): Found entity 1: DE10_Lite File: C:/Users/lukas/Dropbox/TGM/TGM_4/DIC_Graebner/BC_4AHEL/DE10_LITE.vhd Line: 17
Info (12127): Elaborating entity "DE10_LITE" for the top level hierarchy
Info (12129): Elaborating entity "debounce" using architecture "A:rtl" for hierarchy "debounce:I_DEBOUNCE_KEY1" File: C:/Users/lukas/Dropbox/TGM/TGM_4/DIC_Graebner/BC_4AHEL/DE10_LITE.vhd Line: 64
Info (12129): Elaborating entity "pulse_gen" using architecture "A:rtl" for hierarchy "pulse_gen:I_PulseGen_BTN0" File: C:/Users/lukas/Dropbox/TGM/TGM_4/DIC_Graebner/BC_4AHEL/DE10_LITE.vhd Line: 86
Warning (13024): Output pins are stuck at VCC or GND
    Warning (13410): Pin "HEX0[7]" is stuck at VCC File: C:/Users/lukas/Dropbox/TGM/TGM_4/DIC_Graebner/BC_4AHEL/DE10_LITE.vhd Line: 25
    Warning (13410): Pin "HEX1[7]" is stuck at VCC File: C:/Users/lukas/Dropbox/TGM/TGM_4/DIC_Graebner/BC_4AHEL/DE10_LITE.vhd Line: 26
    Warning (13410): Pin "HEX2[7]" is stuck at VCC File: C:/Users/lukas/Dropbox/TGM/TGM_4/DIC_Graebner/BC_4AHEL/DE10_LITE.vhd Line: 27
    Warning (13410): Pin "HEX3[7]" is stuck at VCC File: C:/Users/lukas/Dropbox/TGM/TGM_4/DIC_Graebner/BC_4AHEL/DE10_LITE.vhd Line: 28
    Warning (13410): Pin "HEX4[7]" is stuck at VCC File: C:/Users/lukas/Dropbox/TGM/TGM_4/DIC_Graebner/BC_4AHEL/DE10_LITE.vhd Line: 29
    Warning (13410): Pin "HEX5[7]" is stuck at VCC File: C:/Users/lukas/Dropbox/TGM/TGM_4/DIC_Graebner/BC_4AHEL/DE10_LITE.vhd Line: 30
Info (286030): Timing-Driven Synthesis is running
Info (17049): 2 registers lost all their fanouts during netlist optimizations.
Info (16010): Generating hard_block partition "hard_block:auto_generated_inst"
    Info (16011): Adding 0 node(s), including 0 DDIO, 0 PLL, 0 transceiver and 0 LCELL
Warning (21074): Design contains 10 input pin(s) that do not drive logic
    Warning (15610): No output dependent on input pin "SW[0]" File: C:/Users/lukas/Dropbox/TGM/TGM_4/DIC_Graebner/BC_4AHEL/DE10_LITE.vhd Line: 22
    Warning (15610): No output dependent on input pin "SW[1]" File: C:/Users/lukas/Dropbox/TGM/TGM_4/DIC_Graebner/BC_4AHEL/DE10_LITE.vhd Line: 22
    Warning (15610): No output dependent on input pin "SW[2]" File: C:/Users/lukas/Dropbox/TGM/TGM_4/DIC_Graebner/BC_4AHEL/DE10_LITE.vhd Line: 22
    Warning (15610): No output dependent on input pin "SW[3]" File: C:/Users/lukas/Dropbox/TGM/TGM_4/DIC_Graebner/BC_4AHEL/DE10_LITE.vhd Line: 22
    Warning (15610): No output dependent on input pin "SW[4]" File: C:/Users/lukas/Dropbox/TGM/TGM_4/DIC_Graebner/BC_4AHEL/DE10_LITE.vhd Line: 22
    Warning (15610): No output dependent on input pin "SW[5]" File: C:/Users/lukas/Dropbox/TGM/TGM_4/DIC_Graebner/BC_4AHEL/DE10_LITE.vhd Line: 22
    Warning (15610): No output dependent on input pin "SW[6]" File: C:/Users/lukas/Dropbox/TGM/TGM_4/DIC_Graebner/BC_4AHEL/DE10_LITE.vhd Line: 22
    Warning (15610): No output dependent on input pin "SW[7]" File: C:/Users/lukas/Dropbox/TGM/TGM_4/DIC_Graebner/BC_4AHEL/DE10_LITE.vhd Line: 22
    Warning (15610): No output dependent on input pin "SW[8]" File: C:/Users/lukas/Dropbox/TGM/TGM_4/DIC_Graebner/BC_4AHEL/DE10_LITE.vhd Line: 22
    Warning (15610): No output dependent on input pin "SW[9]" File: C:/Users/lukas/Dropbox/TGM/TGM_4/DIC_Graebner/BC_4AHEL/DE10_LITE.vhd Line: 22
Info (21057): Implemented 234 device resources after synthesis - the final resource count might be different
    Info (21058): Implemented 13 input pins
    Info (21059): Implemented 58 output pins
    Info (21061): Implemented 163 logic cells
Info: Quartus Prime Analysis & Synthesis was successful. 0 errors, 19 warnings
    Info: Peak virtual memory: 4790 megabytes
    Info: Processing ended: Wed Sep 23 12:43:54 2020
    Info: Elapsed time: 00:00:25
    Info: Total CPU time (on all processors): 00:00:37


