Analysis & Synthesis report for DE10_LITE
Fri Mar 19 14:45:56 2021
Quartus Prime Version 20.1.0 Build 711 06/05/2020 SJ Lite Edition


---------------------
; Table of Contents ;
---------------------
  1. Legal Notice
  2. Analysis & Synthesis Summary
  3. Analysis & Synthesis Settings
  4. Parallel Compilation
  5. Analysis & Synthesis Messages



----------------
; Legal Notice ;
----------------
Copyright (C) 2020  Intel Corporation. All rights reserved.
Your use of Intel Corporation's design tools, logic functions 
and other software and tools, and any partner logic 
functions, and any output files from any of the foregoing 
(including device programming or simulation files), and any 
associated documentation or information are expressly subject 
to the terms and conditions of the Intel Program License 
Subscription Agreement, the Intel Quartus Prime License Agreement,
the Intel FPGA IP License Agreement, or other applicable license
agreement, including, without limitation, that your use is for
the sole purpose of programming logic devices manufactured by
Intel and sold by Intel or its authorized distributors.  Please
refer to the applicable agreement for further details, at
https://fpgasoftware.intel.com/eula.



+----------------------------------------------------------------------------------+
; Analysis & Synthesis Summary                                                     ;
+------------------------------------+---------------------------------------------+
; Analysis & Synthesis Status        ; Failed - Fri Mar 19 14:45:56 2021           ;
; Quartus Prime Version              ; 20.1.0 Build 711 06/05/2020 SJ Lite Edition ;
; Revision Name                      ; DE10_LITE                                   ;
; Top-level Entity Name              ; DE10_LITE                                   ;
; Family                             ; MAX 10                                      ;
; Total logic elements               ; N/A until Partition Merge                   ;
;     Total combinational functions  ; N/A until Partition Merge                   ;
;     Dedicated logic registers      ; N/A until Partition Merge                   ;
; Total registers                    ; N/A until Partition Merge                   ;
; Total pins                         ; N/A until Partition Merge                   ;
; Total virtual pins                 ; N/A until Partition Merge                   ;
; Total memory bits                  ; N/A until Partition Merge                   ;
; Embedded Multiplier 9-bit elements ; N/A until Partition Merge                   ;
; Total PLLs                         ; N/A until Partition Merge                   ;
; UFM blocks                         ; N/A until Partition Merge                   ;
; ADC blocks                         ; N/A until Partition Merge                   ;
+------------------------------------+---------------------------------------------+


+------------------------------------------------------------------------------------------------------------+
; Analysis & Synthesis Settings                                                                              ;
+------------------------------------------------------------------+--------------------+--------------------+
; Option                                                           ; Setting            ; Default Value      ;
+------------------------------------------------------------------+--------------------+--------------------+
; Device                                                           ; 10M50DAF484C7G     ;                    ;
; Top-level entity name                                            ; DE10_LITE          ; DE10_LITE          ;
; Family name                                                      ; MAX 10 FPGA        ; Cyclone V          ;
; Maximum processors allowed for parallel compilation              ; 2                  ;                    ;
; Use smart compilation                                            ; Off                ; Off                ;
; Enable parallel Assembler and Timing Analyzer during compilation ; On                 ; On                 ;
; Enable compact report table                                      ; Off                ; Off                ;
; Restructure Multiplexers                                         ; Auto               ; Auto               ;
; Create Debugging Nodes for IP Cores                              ; Off                ; Off                ;
; Preserve fewer node names                                        ; On                 ; On                 ;
; Intel FPGA IP Evaluation Mode                                    ; Enable             ; Enable             ;
; Verilog Version                                                  ; Verilog_2001       ; Verilog_2001       ;
; VHDL Version                                                     ; VHDL_1993          ; VHDL_1993          ;
; State Machine Processing                                         ; Auto               ; Auto               ;
; Safe State Machine                                               ; Off                ; Off                ;
; Extract Verilog State Machines                                   ; On                 ; On                 ;
; Extract VHDL State Machines                                      ; On                 ; On                 ;
; Ignore Verilog initial constructs                                ; Off                ; Off                ;
; Iteration limit for constant Verilog loops                       ; 5000               ; 5000               ;
; Iteration limit for non-constant Verilog loops                   ; 250                ; 250                ;
; Add Pass-Through Logic to Inferred RAMs                          ; On                 ; On                 ;
; Infer RAMs from Raw Logic                                        ; On                 ; On                 ;
; Parallel Synthesis                                               ; On                 ; On                 ;
; DSP Block Balancing                                              ; Auto               ; Auto               ;
; NOT Gate Push-Back                                               ; On                 ; On                 ;
; Power-Up Don't Care                                              ; On                 ; On                 ;
; Remove Redundant Logic Cells                                     ; Off                ; Off                ;
; Remove Duplicate Registers                                       ; On                 ; On                 ;
; Ignore CARRY Buffers                                             ; Off                ; Off                ;
; Ignore CASCADE Buffers                                           ; Off                ; Off                ;
; Ignore GLOBAL Buffers                                            ; Off                ; Off                ;
; Ignore ROW GLOBAL Buffers                                        ; Off                ; Off                ;
; Ignore LCELL Buffers                                             ; Off                ; Off                ;
; Ignore SOFT Buffers                                              ; On                 ; On                 ;
; Limit AHDL Integers to 32 Bits                                   ; Off                ; Off                ;
; Optimization Technique                                           ; Balanced           ; Balanced           ;
; Carry Chain Length                                               ; 70                 ; 70                 ;
; Auto Carry Chains                                                ; On                 ; On                 ;
; Auto Open-Drain Pins                                             ; On                 ; On                 ;
; Perform WYSIWYG Primitive Resynthesis                            ; Off                ; Off                ;
; Auto ROM Replacement                                             ; On                 ; On                 ;
; Auto RAM Replacement                                             ; On                 ; On                 ;
; Auto DSP Block Replacement                                       ; On                 ; On                 ;
; Auto Shift Register Replacement                                  ; Auto               ; Auto               ;
; Allow Shift Register Merging across Hierarchies                  ; Auto               ; Auto               ;
; Auto Clock Enable Replacement                                    ; On                 ; On                 ;
; Strict RAM Replacement                                           ; Off                ; Off                ;
; Allow Synchronous Control Signals                                ; On                 ; On                 ;
; Force Use of Synchronous Clear Signals                           ; Off                ; Off                ;
; Auto RAM Block Balancing                                         ; On                 ; On                 ;
; Auto RAM to Logic Cell Conversion                                ; Off                ; Off                ;
; Auto Resource Sharing                                            ; Off                ; Off                ;
; Allow Any RAM Size For Recognition                               ; Off                ; Off                ;
; Allow Any ROM Size For Recognition                               ; Off                ; Off                ;
; Allow Any Shift Register Size For Recognition                    ; Off                ; Off                ;
; Use LogicLock Constraints during Resource Balancing              ; On                 ; On                 ;
; Ignore translate_off and synthesis_off directives                ; Off                ; Off                ;
; Timing-Driven Synthesis                                          ; On                 ; On                 ;
; Report Parameter Settings                                        ; On                 ; On                 ;
; Report Source Assignments                                        ; On                 ; On                 ;
; Report Connectivity Checks                                       ; On                 ; On                 ;
; Ignore Maximum Fan-Out Assignments                               ; Off                ; Off                ;
; Synchronization Register Chain Length                            ; 2                  ; 2                  ;
; Power Optimization During Synthesis                              ; Normal compilation ; Normal compilation ;
; HDL message level                                                ; Level2             ; Level2             ;
; Suppress Register Optimization Related Messages                  ; Off                ; Off                ;
; Number of Removed Registers Reported in Synthesis Report         ; 5000               ; 5000               ;
; Number of Swept Nodes Reported in Synthesis Report               ; 5000               ; 5000               ;
; Number of Inverted Registers Reported in Synthesis Report        ; 100                ; 100                ;
; Clock MUX Protection                                             ; On                 ; On                 ;
; Auto Gated Clock Conversion                                      ; Off                ; Off                ;
; Block Design Naming                                              ; Auto               ; Auto               ;
; SDC constraint protection                                        ; Off                ; Off                ;
; Synthesis Effort                                                 ; Auto               ; Auto               ;
; Shift Register Replacement - Allow Asynchronous Clear Signal     ; On                 ; On                 ;
; Pre-Mapping Resynthesis Optimization                             ; Off                ; Off                ;
; Analysis & Synthesis Message Level                               ; Medium             ; Medium             ;
; Disable Register Merging Across Hierarchies                      ; Auto               ; Auto               ;
; Resource Aware Inference For Block RAM                           ; On                 ; On                 ;
+------------------------------------------------------------------+--------------------+--------------------+


+------------------------------------------+
; Parallel Compilation                     ;
+----------------------------+-------------+
; Processors                 ; Number      ;
+----------------------------+-------------+
; Number detected on machine ; 4           ;
; Maximum allowed            ; 2           ;
;                            ;             ;
; Average used               ; 1.00        ;
; Maximum used               ; 1           ;
;                            ;             ;
; Usage by Processor         ; % Time Used ;
;     Processor 1            ; 100.0%      ;
+----------------------------+-------------+


+-------------------------------+
; Analysis & Synthesis Messages ;
+-------------------------------+
Info: *******************************************************************
Info: Running Quartus Prime Analysis & Synthesis
    Info: Version 20.1.0 Build 711 06/05/2020 SJ Lite Edition
    Info: Processing started: Fri Mar 19 14:45:41 2021
Info: Command: quartus_map --read_settings_files=on --write_settings_files=off DE10_LITE -c DE10_LITE
Info (20032): Parallel compilation is enabled and will use up to 2 processors
Info (12021): Found 2 design units, including 1 entities, in source file /semesterprojekt/projectoszifpga/fpga/extadc_oszi/selfstimulus.vhd
    Info (12022): Found design unit 1: selfStimulus-rtl File: D:/Semesterprojekt/ProjectOsziFPGA/FPGA/extADC_Oszi/selfStimulus.vhd Line: 23
    Info (12023): Found entity 1: selfStimulus File: D:/Semesterprojekt/ProjectOsziFPGA/FPGA/extADC_Oszi/selfStimulus.vhd Line: 14
Info (12021): Found 2 design units, including 1 entities, in source file vga_interface.vhd
    Info (12022): Found design unit 1: VGA_Interface-rtl File: D:/Semesterprojekt/ProjectOsziFPGA/FPGA/intADC_Oszi/VGA_Interface.vhd Line: 33
    Info (12023): Found entity 1: VGA_Interface File: D:/Semesterprojekt/ProjectOsziFPGA/FPGA/intADC_Oszi/VGA_Interface.vhd Line: 14
Info (12021): Found 2 design units, including 1 entities, in source file io.vhd
    Info (12022): Found design unit 1: IO-rtl File: D:/Semesterprojekt/ProjectOsziFPGA/FPGA/intADC_Oszi/IO.vhd Line: 40
    Info (12023): Found entity 1: IO File: D:/Semesterprojekt/ProjectOsziFPGA/FPGA/intADC_Oszi/IO.vhd Line: 15
Info (12021): Found 2 design units, including 1 entities, in source file grafic_gen.vhd
    Info (12022): Found design unit 1: grafic_gen-rtl File: D:/Semesterprojekt/ProjectOsziFPGA/FPGA/intADC_Oszi/grafic_gen.vhd Line: 29
    Info (12023): Found entity 1: grafic_gen File: D:/Semesterprojekt/ProjectOsziFPGA/FPGA/intADC_Oszi/grafic_gen.vhd Line: 15
Info (12021): Found 1 design units, including 0 entities, in source file de10_lite_const_pkg.vhd
    Info (12022): Found design unit 1: DE10_Lite_const_pkg File: D:/Semesterprojekt/ProjectOsziFPGA/FPGA/intADC_Oszi/DE10_LITE_const_pkg.vhd Line: 14
Error (10500): VHDL syntax error at DE10_LITE.vhd(158) near text "16";  expecting "]", or an identifier, or a string literal, or "return" File: D:/Semesterprojekt/ProjectOsziFPGA/FPGA/intADC_Oszi/DE10_LITE.vhd Line: 158
Info (12021): Found 0 design units, including 0 entities, in source file de10_lite.vhd
Info (12021): Found 2 design units, including 1 entities, in source file dataunit.vhd
    Info (12022): Found design unit 1: DataUnit-rtl File: D:/Semesterprojekt/ProjectOsziFPGA/FPGA/intADC_Oszi/DataUnit.vhd Line: 26
    Info (12023): Found entity 1: DataUnit File: D:/Semesterprojekt/ProjectOsziFPGA/FPGA/intADC_Oszi/DataUnit.vhd Line: 14
Info (12021): Found 2 design units, including 1 entities, in source file divbytwo.vhd
    Info (12022): Found design unit 1: divbytwo-SYN File: D:/Semesterprojekt/ProjectOsziFPGA/FPGA/intADC_Oszi/DivByTwo.vhd Line: 52
    Info (12023): Found entity 1: DivByTwo File: D:/Semesterprojekt/ProjectOsziFPGA/FPGA/intADC_Oszi/DivByTwo.vhd Line: 43
Info (12021): Found 2 design units, including 1 entities, in source file adc_clock_divider.vhd
    Info (12022): Found design unit 1: adc_clock_divider-SYN File: D:/Semesterprojekt/ProjectOsziFPGA/FPGA/intADC_Oszi/ADC_clock_divider.vhd Line: 54
    Info (12023): Found entity 1: ADC_clock_divider File: D:/Semesterprojekt/ProjectOsziFPGA/FPGA/intADC_Oszi/ADC_clock_divider.vhd Line: 43
Error: Quartus Prime Analysis & Synthesis was unsuccessful. 1 error, 0 warnings
    Error: Peak virtual memory: 4768 megabytes
    Error: Processing ended: Fri Mar 19 14:45:56 2021
    Error: Elapsed time: 00:00:15
    Error: Total CPU time (on all processors): 00:00:28


