Assembler report for DE10_LITE
Thu Feb 18 15:58:32 2021
Quartus Prime Version 20.1.0 Build 711 06/05/2020 SJ Lite Edition


---------------------
; Table of Contents ;
---------------------
  1. Legal Notice
  2. Assembler Summary
  3. Assembler Settings
  4. Assembler Generated Files
  5. Assembler Device Options: D:/Semesterprojekt/ProjectOsziFPGA/FPGA/intADC_Oszi/DE10_LITE.sof
  6. Assembler Messages



----------------
; Legal Notice ;
----------------
Copyright (C) 2020  Intel Corporation. All rights reserved.
Your use of Intel Corporation's design tools, logic functions 
and other software and tools, and any partner logic 
functions, and any output files from any of the foregoing 
(including device programming or simulation files), and any 
associated documentation or information are expressly subject 
to the terms and conditions of the Intel Program License 
Subscription Agreement, the Intel Quartus Prime License Agreement,
the Intel FPGA IP License Agreement, or other applicable license
agreement, including, without limitation, that your use is for
the sole purpose of programming logic devices manufactured by
Intel and sold by Intel or its authorized distributors.  Please
refer to the applicable agreement for further details, at
https://fpgasoftware.intel.com/eula.



+---------------------------------------------------------------+
; Assembler Summary                                             ;
+-----------------------+---------------------------------------+
; Assembler Status      ; Successful - Thu Feb 18 15:58:32 2021 ;
; Revision Name         ; DE10_LITE                             ;
; Top-level Entity Name ; DE10_Lite                             ;
; Family                ; MAX 10                                ;
; Device                ; 10M50DAF484C7G                        ;
+-----------------------+---------------------------------------+


+----------------------------------+
; Assembler Settings               ;
+--------+---------+---------------+
; Option ; Setting ; Default Value ;
+--------+---------+---------------+


+-------------------------------------------------------------------+
; Assembler Generated Files                                         ;
+-------------------------------------------------------------------+
; File Name                                                         ;
+-------------------------------------------------------------------+
; D:/Semesterprojekt/ProjectOsziFPGA/FPGA/intADC_Oszi/DE10_LITE.sof ;
+-------------------------------------------------------------------+


+---------------------------------------------------------------------------------------------+
; Assembler Device Options: D:/Semesterprojekt/ProjectOsziFPGA/FPGA/intADC_Oszi/DE10_LITE.sof ;
+----------------+----------------------------------------------------------------------------+
; Option         ; Setting                                                                    ;
+----------------+----------------------------------------------------------------------------+
; JTAG usercode  ; 0x0028439A                                                                 ;
; Checksum       ; 0x0028439A                                                                 ;
+----------------+----------------------------------------------------------------------------+


+--------------------+
; Assembler Messages ;
+--------------------+
Info: *******************************************************************
Info: Running Quartus Prime Assembler
    Info: Version 20.1.0 Build 711 06/05/2020 SJ Lite Edition
    Info: Processing started: Thu Feb 18 15:58:29 2021
Info: Command: quartus_asm --read_settings_files=off --write_settings_files=off DE10_LITE -c DE10_LITE
Info (115031): Writing out detailed assembly data for power analysis
Info (115030): Assembler is generating device programming files
Info: Quartus Prime Assembler was successful. 0 errors, 0 warnings
    Info: Peak virtual memory: 4690 megabytes
    Info: Processing ended: Thu Feb 18 15:58:32 2021
    Info: Elapsed time: 00:00:03
    Info: Total CPU time (on all processors): 00:00:04


