Flow report for DE10_LITE
Sun Jan 31 12:03:12 2021
Quartus Prime Version 20.1.0 Build 711 06/05/2020 SJ Lite Edition


---------------------
; Table of Contents ;
---------------------
  1. Legal Notice
  2. Flow Summary
  3. Flow Settings
  4. Flow Non-Default Global Settings
  5. Flow Elapsed Time
  6. Flow OS Summary
  7. Flow Log
  8. Flow Messages
  9. Flow Suppressed Messages



----------------
; Legal Notice ;
----------------
Copyright (C) 2020  Intel Corporation. All rights reserved.
Your use of Intel Corporation's design tools, logic functions 
and other software and tools, and any partner logic 
functions, and any output files from any of the foregoing 
(including device programming or simulation files), and any 
associated documentation or information are expressly subject 
to the terms and conditions of the Intel Program License 
Subscription Agreement, the Intel Quartus Prime License Agreement,
the Intel FPGA IP License Agreement, or other applicable license
agreement, including, without limitation, that your use is for
the sole purpose of programming logic devices manufactured by
Intel and sold by Intel or its authorized distributors.  Please
refer to the applicable agreement for further details, at
https://fpgasoftware.intel.com/eula.



+----------------------------------------------------------------------------------+
; Flow Summary                                                                     ;
+------------------------------------+---------------------------------------------+
; Flow Status                        ; Successful - Sun Jan 31 12:03:07 2021       ;
; Quartus Prime Version              ; 20.1.0 Build 711 06/05/2020 SJ Lite Edition ;
; Revision Name                      ; DE10_LITE                                   ;
; Top-level Entity Name              ; DE10_Lite                                   ;
; Family                             ; MAX 10                                      ;
; Device                             ; 10M50DAF484C7G                              ;
; Timing Models                      ; Final                                       ;
; Total logic elements               ; 497 / 49,760 ( < 1 % )                      ;
;     Total combinational functions  ; 470 / 49,760 ( < 1 % )                      ;
;     Dedicated logic registers      ; 311 / 49,760 ( < 1 % )                      ;
; Total registers                    ; 311                                         ;
; Total pins                         ; 121 / 360 ( 34 % )                          ;
; Total virtual pins                 ; 0                                           ;
; Total memory bits                  ; 640 / 1,677,312 ( < 1 % )                   ;
; Embedded Multiplier 9-bit elements ; 0 / 288 ( 0 % )                             ;
; Total PLLs                         ; 1 / 4 ( 25 % )                              ;
; UFM blocks                         ; 0 / 1 ( 0 % )                               ;
; ADC blocks                         ; 1 / 2 ( 50 % )                              ;
+------------------------------------+---------------------------------------------+


+-----------------------------------------+
; Flow Settings                           ;
+-------------------+---------------------+
; Option            ; Setting             ;
+-------------------+---------------------+
; Start date & time ; 01/31/2021 12:02:28 ;
; Main task         ; Compilation         ;
; Revision Name     ; DE10_LITE           ;
+-------------------+---------------------+


+-------------------------------------------------------------------------------------------------------------------------------------------+
; Flow Non-Default Global Settings                                                                                                          ;
+-------------------------------------+----------------------------------------------------------+---------------+-------------+------------+
; Assignment Name                     ; Value                                                    ; Default Value ; Entity Name ; Section Id ;
+-------------------------------------+----------------------------------------------------------+---------------+-------------+------------+
; COMPILER_SIGNATURE_ID               ; 137098621289024.161209094820456                          ; --            ; --          ; --         ;
; MAX_CORE_JUNCTION_TEMP              ; 85                                                       ; --            ; --          ; --         ;
; MIN_CORE_JUNCTION_TEMP              ; 0                                                        ; --            ; --          ; --         ;
; MISC_FILE                           ; Ch1ADC/synthesis/../Ch1ADC.cmp                           ; --            ; --          ; --         ;
; MISC_FILE                           ; Ch1ADC/synthesis/../../Ch1ADC.qsys                       ; --            ; --          ; --         ;
; PARTITION_COLOR                     ; -- (Not supported for targeted family)                   ; --            ; --          ; Top        ;
; PARTITION_FITTER_PRESERVATION_LEVEL ; -- (Not supported for targeted family)                   ; --            ; --          ; Top        ;
; PARTITION_NETLIST_TYPE              ; -- (Not supported for targeted family)                   ; --            ; --          ; Top        ;
; POWER_BOARD_THERMAL_MODEL           ; None (CONSERVATIVE)                                      ; --            ; --          ; --         ;
; POWER_PRESET_COOLING_SOLUTION       ; 23 MM HEAT SINK WITH 200 LFPM AIRFLOW                    ; --            ; --          ; --         ;
; SLD_FILE                            ; Ch1ADC/synthesis/Ch1ADC.debuginfo                        ; --            ; --          ; --         ;
; SLD_INFO                            ; QSYS_NAME Ch1ADC HAS_SOPCINFO 1 GENERATION_ID 1611834640 ; --            ; Ch1ADC      ; --         ;
; SOPCINFO_FILE                       ; Ch1ADC/synthesis/../../Ch1ADC.sopcinfo                   ; --            ; --          ; --         ;
; SYNTHESIS_ONLY_QIP                  ; On                                                       ; --            ; --          ; --         ;
+-------------------------------------+----------------------------------------------------------+---------------+-------------+------------+


+--------------------------------------------------------------------------------------------------------------------------+
; Flow Elapsed Time                                                                                                        ;
+----------------------+--------------+-------------------------+---------------------+------------------------------------+
; Module Name          ; Elapsed Time ; Average Processors Used ; Peak Virtual Memory ; Total CPU Time (on all processors) ;
+----------------------+--------------+-------------------------+---------------------+------------------------------------+
; Analysis & Synthesis ; 00:00:15     ; 1.0                     ; 4815 MB             ; 00:00:30                           ;
; Fitter               ; 00:00:16     ; 1.0                     ; 5388 MB             ; 00:00:22                           ;
; Assembler            ; 00:00:04     ; 1.0                     ; 4690 MB             ; 00:00:04                           ;
; Timing Analyzer      ; 00:00:04     ; 1.1                     ; 4810 MB             ; 00:00:05                           ;
; Total                ; 00:00:39     ; --                      ; --                  ; 00:01:01                           ;
+----------------------+--------------+-------------------------+---------------------+------------------------------------+


+------------------------------------------------------------------------------------+
; Flow OS Summary                                                                    ;
+----------------------+------------------+------------+------------+----------------+
; Module Name          ; Machine Hostname ; OS Name    ; OS Version ; Processor type ;
+----------------------+------------------+------------+------------+----------------+
; Analysis & Synthesis ; LAPTOP-SUNVLN0K  ; Windows 10 ; 10.0       ; x86_64         ;
; Fitter               ; LAPTOP-SUNVLN0K  ; Windows 10 ; 10.0       ; x86_64         ;
; Assembler            ; LAPTOP-SUNVLN0K  ; Windows 10 ; 10.0       ; x86_64         ;
; Timing Analyzer      ; LAPTOP-SUNVLN0K  ; Windows 10 ; 10.0       ; x86_64         ;
+----------------------+------------------+------------+------------+----------------+


------------
; Flow Log ;
------------
quartus_map --read_settings_files=on --write_settings_files=off DE10_LITE -c DE10_LITE
quartus_fit --read_settings_files=off --write_settings_files=off DE10_LITE -c DE10_LITE
quartus_asm --read_settings_files=off --write_settings_files=off DE10_LITE -c DE10_LITE
quartus_sta DE10_LITE -c DE10_LITE



