\BOOKMARK [1][-]{section.1}{\376\377\000V\000o\000r\000w\000o\000r\000t}{}% 1
\BOOKMARK [2][-]{subsection.1.1}{\376\377\000P\000r\000o\000j\000e\000k\000t\000\374\000b\000e\000r\000s\000i\000c\000h\000t}{section.1}% 2
\BOOKMARK [2][-]{subsection.1.2}{\376\377\000P\000r\000o\000j\000e\000k\000t\000g\000r\000u\000p\000p\000e}{section.1}% 3
\BOOKMARK [2][-]{subsection.1.3}{\376\377\000P\000r\000o\000j\000e\000k\000t\000b\000e\000t\000r\000e\000u\000e\000r}{section.1}% 4
\BOOKMARK [1][-]{section.2}{\376\377\000E\000n\000t\000w\000i\000c\000k\000l\000u\000n\000g}{}% 5
\BOOKMARK [2][-]{subsection.2.1}{\376\377\000T\000o\000p\000-\000L\000e\000v\000e\000l\000-\000D\000e\000s\000i\000g\000n\000-\000U\000n\000i\000t\000\040\000G\000r\000u\000n\000d\000s\000t\000r\000u\000k\000t\000u\000r}{section.2}% 6
\BOOKMARK [3][-]{subsubsection.2.1.1}{\376\377\000P\000r\000o\000j\000e\000k\000t\000t\000e\000i\000l\000b\000e\000r\000e\000i\000c\000h\000\040\000\334\000b\000e\000r\000s\000i\000c\000h\000t}{subsection.2.1}% 7
\BOOKMARK [2][-]{subsection.2.2}{\376\377\000V\000e\000r\000w\000e\000n\000d\000u\000n\000g\000\040\000d\000e\000r\000\040\000i\000n\000t\000e\000r\000n\000e\000n\000\040\000A\000D\000C\000s}{section.2}% 8
\BOOKMARK [3][-]{subsubsection.2.2.1}{\376\377\000P\000r\000o\000j\000e\000k\000t\000t\000e\000i\000l\000b\000e\000r\000e\000i\000c\000h\000\040\000\334\000b\000e\000r\000s\000i\000c\000h\000t}{subsection.2.2}% 9
\BOOKMARK [3][-]{subsubsection.2.2.2}{\376\377\000A\000D\000C\000\040\000H\000a\000r\000d\000w\000a\000r\000e}{subsection.2.2}% 10
\BOOKMARK [3][-]{subsubsection.2.2.3}{\376\377\000V\000H\000D\000L\000\040\000I\000m\000p\000l\000e\000m\000e\000n\000t\000i\000e\000r\000u\000n\000g}{subsection.2.2}% 11
\BOOKMARK [2][-]{subsection.2.3}{\376\377\000D\000e\000r\000\040\000A\000D\000C\000\040\000-\000\040\000L\000T\000C\0001\0004\0002\0000\000C}{section.2}% 12
\BOOKMARK [3][-]{subsubsection.2.3.1}{\376\377\000V\000H\000D\000L\000\040\000"\000A\000D\000C\000\040\000I\000n\000t\000e\000r\000f\000c\000a\000e\000"}{subsection.2.3}% 13
\BOOKMARK [2][-]{subsection.2.4}{\376\377\000A\000D\000C\000-\000P\000C\000B\000\040\000"\000P\000r\000o\000t\000o\000t\000y\000p\000e\000\040\0001\000"}{section.2}% 14
\BOOKMARK [3][-]{subsubsection.2.4.1}{\376\377\000P\000r\000o\000j\000e\000k\000t\000t\000e\000i\000l\000b\000e\000r\000e\000i\000c\000h\000\040\000\334\000b\000e\000r\000s\000i\000c\000h\000t}{subsection.2.4}% 15
\BOOKMARK [3][-]{subsubsection.2.4.2}{\376\377\000S\000c\000h\000a\000l\000t\000p\000l\000a\000n}{subsection.2.4}% 16
\BOOKMARK [3][-]{subsubsection.2.4.3}{\376\377\000P\000C\000B}{subsection.2.4}% 17
\BOOKMARK [2][-]{subsection.2.5}{\376\377\000T\000r\000i\000g\000g\000e\000r}{section.2}% 18
\BOOKMARK [3][-]{subsubsection.2.5.1}{\376\377\000P\000r\000o\000j\000e\000k\000t\000t\000e\000i\000l\000b\000e\000r\000e\000i\000c\000h\000\040\000\334\000b\000e\000r\000s\000i\000c\000h\000t}{subsection.2.5}% 19
\BOOKMARK [3][-]{subsubsection.2.5.2}{\376\377\000F\000u\000n\000k\000t\000i\000o\000n}{subsection.2.5}% 20
\BOOKMARK [3][-]{subsubsection.2.5.3}{\376\377\000V\000H\000D\000L\000-\000D\000e\000s\000i\000g\000n\000-\000U\000n\000i\000t}{subsection.2.5}% 21
\BOOKMARK [3][-]{subsubsection.2.5.4}{\376\377\000D\000e\000s\000i\000g\000n\000-\000U\000n\000i\000t\000\040\000S\000i\000m\000u\000l\000a\000t\000i\000o\000n}{subsection.2.5}% 22
\BOOKMARK [3][-]{subsubsection.2.5.5}{\376\377\000T\000r\000i\000g\000g\000e\000r\000\040\000P\000r\000a\000x\000i\000s\000t\000e\000s\000t}{subsection.2.5}% 23
\BOOKMARK [2][-]{subsection.2.6}{\376\377\000K\000o\000m\000m\000u\000n\000i\000k\000a\000t\000i\000o\000n\000s\000p\000r\000o\000t\000o\000k\000o\000l\000l}{section.2}% 24
\BOOKMARK [3][-]{subsubsection.2.6.1}{\376\377\000P\000r\000o\000j\000e\000k\000t\000t\000e\000i\000l\000b\000e\000r\000e\000i\000c\000h\000\040\000\334\000b\000e\000r\000s\000i\000c\000h\000t}{subsection.2.6}% 25
\BOOKMARK [3][-]{subsubsection.2.6.2}{\376\377\000P\000a\000k\000e\000t\000s\000p\000e\000z\000i\000f\000i\000k\000a\000t\000i\000o\000n\000\040\000F\000P\000G\000A\000\040\000z\000u\000\040\000U\000s\000e\000r\000I\000n\000t\000e\000r\000f\000a\000c\000e}{subsection.2.6}% 26
\BOOKMARK [3][-]{subsubsection.2.6.3}{\376\377\000P\000a\000k\000e\000t\000s\000p\000e\000z\000i\000f\000i\000k\000a\000t\000i\000o\000n\000\040\000U\000s\000e\000r\000I\000n\000t\000e\000r\000f\000a\000c\000e\000\040\000z\000u\000\040\000F\000P\000G\000A}{subsection.2.6}% 27
\BOOKMARK [3][-]{subsubsection.2.6.4}{\376\377\000M\000e\000s\000s\000b\000e\000r\000e\000i\000c\000h\000s\000e\000i\000n\000s\000t\000e\000l\000l\000u\000n\000g}{subsection.2.6}% 28
\BOOKMARK [3][-]{subsubsection.2.6.5}{\376\377\000Z\000e\000i\000t\000b\000e\000r\000e\000i\000c\000h\000s\000e\000i\000n\000s\000t\000e\000l\000l\000u\000n\000g}{subsection.2.6}% 29
\BOOKMARK [3][-]{subsubsection.2.6.6}{\376\377\000M\000e\000s\000s\000d\000a\000t\000e\000n}{subsection.2.6}% 30
\BOOKMARK [3][-]{subsubsection.2.6.7}{\376\377\000C\000h\000e\000c\000k\000s\000u\000m}{subsection.2.6}% 31
\BOOKMARK [3][-]{subsubsection.2.6.8}{\376\377\000f\000r\000e\000i\000\040\000/\000\040\000n\000o\000t\000\040\000u\000s\000e\000d}{subsection.2.6}% 32
\BOOKMARK [2][-]{subsection.2.7}{\376\377\000U\000A\000R\000T\000\040\000-\000\040\000V\000e\000r\000b\000i\000n\000d\000u\000n\000g\000\040\000F\000P\000G\000A\000\040\000\046\000\040\000U\000s\000e\000r\000I\000n\000t\000e\000r\000f\000a\000c\000e}{section.2}% 33
\BOOKMARK [3][-]{subsubsection.2.7.1}{\376\377\000P\000r\000o\000j\000e\000k\000t\000t\000e\000i\000l\000b\000e\000r\000e\000i\000c\000h\000\040\000\334\000b\000e\000r\000s\000i\000c\000h\000t}{subsection.2.7}% 34
\BOOKMARK [3][-]{subsubsection.2.7.2}{\376\377\000e\000r\000s\000t\000e\000\040\000V\000e\000r\000b\000i\000n\000d\000u\000n\000g}{subsection.2.7}% 35
\BOOKMARK [1][-]{section.3}{\376\377\000v\000e\000r\000w\000e\000n\000d\000e\000t\000e\000\040\000M\000e\000s\000s\000g\000e\000r\000\344\000t\000e\000\040\000\046\000\040\000E\000n\000t\000w\000i\000c\000k\000l\000u\000n\000g\000s\000t\000o\000o\000l\000s}{}% 36
\BOOKMARK [2][-]{subsection.3.1}{\376\377\000D\000E\0001\0000\000-\000L\000i\000t\000e\000\040\000B\000o\000a\000r\000d}{section.3}% 37
\BOOKMARK [2][-]{subsection.3.2}{\376\377\000O\000s\000z\000i\000l\000l\000o\000s\000k\000o\000p\000\040\0001}{section.3}% 38
\BOOKMARK [2][-]{subsection.3.3}{\376\377\000F\000u\000n\000k\000t\000i\000o\000n\000s\000g\000e\000n\000e\000r\000a\000t\000o\000r\000\040\0001}{section.3}% 39
\BOOKMARK [2][-]{subsection.3.4}{\376\377\000R\000S\0002\0003\0002\000-\000A\000d\000a\000p\000t\000e\000r}{section.3}% 40
\BOOKMARK [1][-]{section.4}{\376\377\000Q\000u\000e\000l\000l\000e\000n\000\040\000u\000n\000d\000\040\000H\000i\000l\000f\000s\000m\000i\000t\000t\000e\000l}{}% 41
