This is pdfTeX, Version 3.14159265-2.6-1.40.21 (TeX Live 2020/W32TeX) (preloaded format=pdflatex 2021.3.5)  18 MAR 2021 20:36
entering extended mode
 restricted \write18 enabled.
 %&-line parsing enabled.
**Dokumentation_FPGA_Oszi.tex
(./Dokumentation_FPGA_Oszi.tex
LaTeX2e <2020-10-01> patch level 4
L3 programming layer <2021-02-18>
(c:/texlive/2020/texmf-dist/tex/latex/base/article.cls
Document Class: article 2020/04/10 v1.4m Standard LaTeX document class
(c:/texlive/2020/texmf-dist/tex/latex/base/size12.clo
File: size12.clo 2020/04/10 v1.4m Standard LaTeX file (size option)
)
\c@part=\count179
\c@section=\count180
\c@subsection=\count181
\c@subsubsection=\count182
\c@paragraph=\count183
\c@subparagraph=\count184
\c@figure=\count185
\c@table=\count186
\abovecaptionskip=\skip47
\belowcaptionskip=\skip48
\bibindent=\dimen138
)
(c:/texlive/2020/texmf-dist/tex/latex/graphics/color.sty
Package: color 2020/02/24 v1.2b Standard LaTeX Color (DPC)

(c:/texlive/2020/texmf-dist/tex/latex/graphics-cfg/color.cfg
File: color.cfg 2016/01/02 v1.6 sample color configuration
)
Package color Info: Driver file: pdftex.def on input line 147.

(c:/texlive/2020/texmf-dist/tex/latex/graphics-def/pdftex.def
File: pdftex.def 2020/10/05 v1.2a Graphics/color driver for pdftex
))
(c:/texlive/2020/texmf-dist/tex/latex/graphics/graphicx.sty
Package: graphicx 2020/09/09 v1.2b Enhanced LaTeX Graphics (DPC,SPQR)

(c:/texlive/2020/texmf-dist/tex/latex/graphics/keyval.sty
Package: keyval 2014/10/28 v1.15 key=value parser (DPC)
\KV@toks@=\toks15
)
(c:/texlive/2020/texmf-dist/tex/latex/graphics/graphics.sty
Package: graphics 2020/08/30 v1.4c Standard LaTeX Graphics (DPC,SPQR)

(c:/texlive/2020/texmf-dist/tex/latex/graphics/trig.sty
Package: trig 2016/01/03 v1.10 sin cos tan (DPC)
)
(c:/texlive/2020/texmf-dist/tex/latex/graphics-cfg/graphics.cfg
File: graphics.cfg 2016/06/04 v1.11 sample graphics configuration
)
Package graphics Info: Driver file: pdftex.def on input line 105.
)
\Gin@req@height=\dimen139
\Gin@req@width=\dimen140
)
(c:/texlive/2020/texmf-dist/tex/latex/hyperref/hyperref.sty
Package: hyperref 2021-02-27 v7.00k Hypertext links for LaTeX

(c:/texlive/2020/texmf-dist/tex/generic/ltxcmds/ltxcmds.sty
Package: ltxcmds 2020-05-10 v1.25 LaTeX kernel commands for general use (HO)
)
(c:/texlive/2020/texmf-dist/tex/generic/iftex/iftex.sty
Package: iftex 2020/03/06 v1.0d TeX engine tests
)
(c:/texlive/2020/texmf-dist/tex/generic/pdftexcmds/pdftexcmds.sty
Package: pdftexcmds 2020-06-27 v0.33 Utility functions of pdfTeX for LuaTeX (HO
)

(c:/texlive/2020/texmf-dist/tex/generic/infwarerr/infwarerr.sty
Package: infwarerr 2019/12/03 v1.5 Providing info/warning/error messages (HO)
)
Package pdftexcmds Info: \pdf@primitive is available.
Package pdftexcmds Info: \pdf@ifprimitive is available.
Package pdftexcmds Info: \pdfdraftmode found.
)
(c:/texlive/2020/texmf-dist/tex/generic/kvsetkeys/kvsetkeys.sty
Package: kvsetkeys 2019/12/15 v1.18 Key value parser (HO)
)
(c:/texlive/2020/texmf-dist/tex/generic/kvdefinekeys/kvdefinekeys.sty
Package: kvdefinekeys 2019-12-19 v1.6 Define keys (HO)
)
(c:/texlive/2020/texmf-dist/tex/generic/pdfescape/pdfescape.sty
Package: pdfescape 2019/12/09 v1.15 Implements pdfTeX's escape features (HO)
)
(c:/texlive/2020/texmf-dist/tex/latex/hycolor/hycolor.sty
Package: hycolor 2020-01-27 v1.10 Color options for hyperref/bookmark (HO)
)
(c:/texlive/2020/texmf-dist/tex/latex/letltxmacro/letltxmacro.sty
Package: letltxmacro 2019/12/03 v1.6 Let assignment for LaTeX macros (HO)
)
(c:/texlive/2020/texmf-dist/tex/latex/auxhook/auxhook.sty
Package: auxhook 2019-12-17 v1.6 Hooks for auxiliary files (HO)
)
(c:/texlive/2020/texmf-dist/tex/latex/kvoptions/kvoptions.sty
Package: kvoptions 2020-10-07 v3.14 Key value format for package options (HO)
)
\@linkdim=\dimen141
\Hy@linkcounter=\count187
\Hy@pagecounter=\count188

(c:/texlive/2020/texmf-dist/tex/latex/hyperref/pd1enc.def
File: pd1enc.def 2021-02-27 v7.00k Hyperref: PDFDocEncoding definition (HO)
Now handling font encoding PD1 ...
... no UTF-8 mapping file for font encoding PD1
)
(c:/texlive/2020/texmf-dist/tex/latex/hyperref/hyperref-langpatches.def
File: hyperref-langpatches.def 2021-02-27 v7.00k Hyperref: patches for babel la
nguages
)
(c:/texlive/2020/texmf-dist/tex/generic/intcalc/intcalc.sty
Package: intcalc 2019/12/15 v1.3 Expandable calculations with integers (HO)
)
(c:/texlive/2020/texmf-dist/tex/generic/etexcmds/etexcmds.sty
Package: etexcmds 2019/12/15 v1.7 Avoid name clashes with e-TeX commands (HO)
)
\Hy@SavedSpaceFactor=\count189

(c:/texlive/2020/texmf-dist/tex/latex/hyperref/puenc.def
File: puenc.def 2021-02-27 v7.00k Hyperref: PDF Unicode definition (HO)
Now handling font encoding PU ...
... no UTF-8 mapping file for font encoding PU
)
Package hyperref Info: Hyper figures OFF on input line 4192.
Package hyperref Info: Link nesting OFF on input line 4197.
Package hyperref Info: Hyper index ON on input line 4200.
Package hyperref Info: Plain pages OFF on input line 4207.
Package hyperref Info: Backreferencing OFF on input line 4212.
Package hyperref Info: Implicit mode ON; LaTeX internals redefined.
Package hyperref Info: Bookmarks ON on input line 4445.
\c@Hy@tempcnt=\count190

(c:/texlive/2020/texmf-dist/tex/latex/url/url.sty
\Urlmuskip=\muskip16
Package: url 2013/09/16  ver 3.4  Verb mode for urls, etc.
)
LaTeX Info: Redefining \url on input line 4804.
\XeTeXLinkMargin=\dimen142

(c:/texlive/2020/texmf-dist/tex/generic/bitset/bitset.sty
Package: bitset 2019/12/09 v1.3 Handle bit-vector datatype (HO)

(c:/texlive/2020/texmf-dist/tex/generic/bigintcalc/bigintcalc.sty
Package: bigintcalc 2019/12/15 v1.5 Expandable calculations on big integers (HO
)
))
\Fld@menulength=\count191
\Field@Width=\dimen143
\Fld@charsize=\dimen144
Package hyperref Info: Hyper figures OFF on input line 6075.
Package hyperref Info: Link nesting OFF on input line 6080.
Package hyperref Info: Hyper index ON on input line 6083.
Package hyperref Info: backreferencing OFF on input line 6090.
Package hyperref Info: Link coloring OFF on input line 6095.
Package hyperref Info: Link coloring with OCG OFF on input line 6100.
Package hyperref Info: PDF/A mode OFF on input line 6105.
LaTeX Info: Redefining \ref on input line 6145.
LaTeX Info: Redefining \pageref on input line 6149.

(c:/texlive/2020/texmf-dist/tex/latex/base/atbegshi-ltx.sty
Package: atbegshi-ltx 2020/08/17 v1.0a Emulation of the original atbegshi packa
ge
with kernel methods
)
\Hy@abspage=\count192
\c@Item=\count193
\c@Hfootnote=\count194
)
Package hyperref Info: Driver (autodetected): hpdftex.

(c:/texlive/2020/texmf-dist/tex/latex/hyperref/hpdftex.def
File: hpdftex.def 2021-02-27 v7.00k Hyperref driver for pdfTeX

(c:/texlive/2020/texmf-dist/tex/latex/base/atveryend-ltx.sty
Package: atveryend-ltx 2020/08/19 v1.0a Emulation of the original atvery packag
e
with kernel methods
)
\Fld@listcount=\count195
\c@bookmark@seq@number=\count196

(c:/texlive/2020/texmf-dist/tex/latex/rerunfilecheck/rerunfilecheck.sty
Package: rerunfilecheck 2019/12/05 v1.9 Rerun checks for auxiliary files (HO)

(c:/texlive/2020/texmf-dist/tex/generic/uniquecounter/uniquecounter.sty
Package: uniquecounter 2019/12/15 v1.4 Provide unlimited unique counter (HO)
)
Package uniquecounter Info: New unique counter `rerunfilecheck' on input line 2
86.
)
\Hy@SectionHShift=\skip49
)
(c:/texlive/2020/texmf-dist/tex/latex/l3backend/l3backend-pdftex.def
File: l3backend-pdftex.def 2021-03-02 L3 backend support: PDF output (pdfTeX)
\l__color_backend_stack_int=\count197
\l__pdf_internal_box=\box47
)
(./Dokumentation_FPGA_Oszi.aux)
\openout1 = `Dokumentation_FPGA_Oszi.aux'.

LaTeX Font Info:    Checking defaults for OML/cmm/m/it on input line 6.
LaTeX Font Info:    ... okay on input line 6.
LaTeX Font Info:    Checking defaults for OMS/cmsy/m/n on input line 6.
LaTeX Font Info:    ... okay on input line 6.
LaTeX Font Info:    Checking defaults for OT1/cmr/m/n on input line 6.
LaTeX Font Info:    ... okay on input line 6.
LaTeX Font Info:    Checking defaults for T1/cmr/m/n on input line 6.
LaTeX Font Info:    ... okay on input line 6.
LaTeX Font Info:    Checking defaults for TS1/cmr/m/n on input line 6.
LaTeX Font Info:    ... okay on input line 6.
LaTeX Font Info:    Checking defaults for OMX/cmex/m/n on input line 6.
LaTeX Font Info:    ... okay on input line 6.
LaTeX Font Info:    Checking defaults for U/cmr/m/n on input line 6.
LaTeX Font Info:    ... okay on input line 6.
LaTeX Font Info:    Checking defaults for PD1/pdf/m/n on input line 6.
LaTeX Font Info:    ... okay on input line 6.
LaTeX Font Info:    Checking defaults for PU/pdf/m/n on input line 6.
LaTeX Font Info:    ... okay on input line 6.

(c:/texlive/2020/texmf-dist/tex/context/base/mkii/supp-pdf.mkii
[Loading MPS to PDF converter (version 2006.09.02).]
\scratchcounter=\count198
\scratchdimen=\dimen145
\scratchbox=\box48
\nofMPsegments=\count199
\nofMParguments=\count266
\everyMPshowfont=\toks16
\MPscratchCnt=\count267
\MPscratchDim=\dimen146
\MPnumerator=\count268
\makeMPintoPDFobject=\count269
\everyMPtoPDFconversion=\toks17
) (c:/texlive/2020/texmf-dist/tex/latex/epstopdf-pkg/epstopdf-base.sty
Package: epstopdf-base 2020-01-24 v2.11 Base part for package epstopdf
Package epstopdf-base Info: Redefining graphics rule for `.eps' on input line 4
85.

(c:/texlive/2020/texmf-dist/tex/latex/latexconfig/epstopdf-sys.cfg
File: epstopdf-sys.cfg 2010/07/13 v1.3 Configuration of (r)epstopdf for TeX Liv
e
))
Package hyperref Info: Link coloring OFF on input line 6.

(c:/texlive/2020/texmf-dist/tex/latex/hyperref/nameref.sty
Package: nameref 2021-04-02 v2.47 Cross-referencing by name of section

(c:/texlive/2020/texmf-dist/tex/latex/refcount/refcount.sty
Package: refcount 2019/12/15 v3.6 Data extraction from label references (HO)
)
(c:/texlive/2020/texmf-dist/tex/generic/gettitlestring/gettitlestring.sty
Package: gettitlestring 2019/12/15 v1.6 Cleanup title references (HO)
)
\c@section@level=\count270
)
LaTeX Info: Redefining \ref on input line 6.
LaTeX Info: Redefining \pageref on input line 6.
LaTeX Info: Redefining \nameref on input line 6.

(./Dokumentation_FPGA_Oszi.out) (./Dokumentation_FPGA_Oszi.out)
\@outlinefile=\write3
\openout3 = `Dokumentation_FPGA_Oszi.out'.

LaTeX Font Info:    External font `cmex10' loaded for size
(Font)              <14.4> on input line 12.
LaTeX Font Info:    External font `cmex10' loaded for size
(Font)              <7> on input line 12.
LaTeX Font Info:    External font `cmex10' loaded for size
(Font)              <12> on input line 13.
LaTeX Font Info:    External font `cmex10' loaded for size
(Font)              <8> on input line 13.
LaTeX Font Info:    External font `cmex10' loaded for size
(Font)              <6> on input line 13.

Overfull \hbox (4.88817pt too wide) in paragraph at lines 13--22
[][] 
 []

[1

{c:/texlive/2020/texmf-var/fonts/map/pdftex/updmap/pdftex.map}]
(./Dokumentation_FPGA_Oszi.toc)
\tf@toc=\write4
\openout4 = `Dokumentation_FPGA_Oszi.toc'.

 [2] (./Vorwort/Vorwort.tex
Overfull \hbox (2.3112pt too wide) in paragraph at lines 4--5
\OT1/cmr/m/n/12 gramm soll eben-falls der Spannungs- und Zeit-bere-ich der Aus-
gabe einzustellen
 []

<SAUER/Grafiken/FotoSauer.jpg, id=137, 313.4109pt x 443.4969pt>
File: SAUER/Grafiken/FotoSauer.jpg Graphic file (type jpg)
<use SAUER/Grafiken/FotoSauer.jpg>
Package pdftex.def Info: SAUER/Grafiken/FotoSauer.jpg  used on input line 14.
(pdftex.def)             Requested size: 113.81102pt x 161.04604pt.
) [3 <./SAUER/Grafiken/FotoSauer.jpg>] (./SAUER/DOKU_SAUER.tex
(./SAUER/TopLevelDesignUnit.tex) (./SAUER/intADC.tex
<SAUER/Grafiken/ADC_Arduino_Pins.PNG, id=143, 958.17975pt x 431.211pt>
File: SAUER/Grafiken/ADC_Arduino_Pins.PNG Graphic file (type png)
<use SAUER/Grafiken/ADC_Arduino_Pins.PNG>
Package pdftex.def Info: SAUER/Grafiken/ADC_Arduino_Pins.PNG  used on input lin
e 9.
(pdftex.def)             Requested size: 426.79134pt x 192.06923pt.

Overfull \hbox (36.79134pt too wide) in paragraph at lines 9--10
 [] 
 []

<SAUER/Grafiken/ADC_Front-End.PNG, id=147, 800.9925pt x 320.397pt>
File: SAUER/Grafiken/ADC_Front-End.PNG Graphic file (type png)
<use SAUER/Grafiken/ADC_Front-End.PNG>
Package pdftex.def Info: SAUER/Grafiken/ADC_Front-End.PNG  used on input line 1
7.
(pdftex.def)             Requested size: 426.79134pt x 170.71892pt.

Overfull \hbox (36.79134pt too wide) in paragraph at lines 17--18
 [] 
 []

<SAUER/Grafiken/ADC_Front-End_Bode.PNG, id=148, 455.45157pt x 108.405pt>
File: SAUER/Grafiken/ADC_Front-End_Bode.PNG Graphic file (type png)
<use SAUER/Grafiken/ADC_Front-End_Bode.PNG>
Package pdftex.def Info: SAUER/Grafiken/ADC_Front-End_Bode.PNG  used on input l
ine 24.
(pdftex.def)             Requested size: 426.79134pt x 101.58476pt.

Overfull \hbox (36.79134pt too wide) in paragraph at lines 24--25
 [] 
 []


Overfull \hbox (0.57512pt too wide) in paragraph at lines 6--30
\OT1/cmr/m/n/12 ver-wen-det, so ist kein ex-tra Chip f^^?ur die Analog-Digital-
Wandlung notwendig.
 []


Overfull \hbox (7.77321pt too wide) in paragraph at lines 6--30
\OT1/cmr/m/n/12 in Ab-bil-dung []1[] zu se-hen. Das "ana-log Front-End"enthh^^?
alt einen Vorverst^^?arker,
 []


LaTeX Warning: `!h' float specifier changed to `!ht'.

[4] [5 <./SAUER/Grafiken/ADC_Arduino_Pins.PNG> <./SAUER/Grafiken/ADC_Front-End.
PNG>]) (./SAUER/ADC-PCB.tex
<SAUER/Grafiken/Prot1/Prot1_Schalt.png, id=168, 670.30424pt x 476.37975pt>
File: SAUER/Grafiken/Prot1/Prot1_Schalt.png Graphic file (type png)
<use SAUER/Grafiken/Prot1/Prot1_Schalt.png>
Package pdftex.def Info: SAUER/Grafiken/Prot1/Prot1_Schalt.png  used on input l
ine 9.
(pdftex.def)             Requested size: 426.79134pt x 303.32643pt.

Overfull \hbox (36.79134pt too wide) in paragraph at lines 9--10
 [] 
 []

[6 <./SAUER/Grafiken/ADC_Front-End_Bode.PNG>]
<SAUER/Grafiken/Prot1/3DF.png, id=180, 723.9045pt x 389.65575pt>
File: SAUER/Grafiken/Prot1/3DF.png Graphic file (type png)
<use SAUER/Grafiken/Prot1/3DF.png>
Package pdftex.def Info: SAUER/Grafiken/Prot1/3DF.png  used on input line 19.
(pdftex.def)             Requested size: 426.79134pt x 229.73436pt.

Overfull \hbox (36.79134pt too wide) in paragraph at lines 19--20
 [] 
 []

<SAUER/Grafiken/Prot1/3DB.png, id=181, 688.974pt x 407.72325pt>
File: SAUER/Grafiken/Prot1/3DB.png Graphic file (type png)
<use SAUER/Grafiken/Prot1/3DB.png>
Package pdftex.def Info: SAUER/Grafiken/Prot1/3DB.png  used on input line 25.
(pdftex.def)             Requested size: 426.79134pt x 252.56804pt.

Overfull \hbox (36.79134pt too wide) in paragraph at lines 25--26
 [] 
 []

<SAUER/Grafiken/Prot1/Foto.jpeg, id=182, 589.4522pt x 336.50719pt>
File: SAUER/Grafiken/Prot1/Foto.jpeg Graphic file (type jpg)
<use SAUER/Grafiken/Prot1/Foto.jpeg>
Package pdftex.def Info: SAUER/Grafiken/Prot1/Foto.jpeg  used on input line 31.

(pdftex.def)             Requested size: 426.79134pt x 243.6508pt.

Overfull \hbox (36.79134pt too wide) in paragraph at lines 31--32
 [] 
 []

<SAUER/Grafiken/Prot1/FCU.png, id=183, 729.927pt x 324.0105pt>
File: SAUER/Grafiken/Prot1/FCU.png Graphic file (type png)
<use SAUER/Grafiken/Prot1/FCU.png>
Package pdftex.def Info: SAUER/Grafiken/Prot1/FCU.png  used on input line 37.
(pdftex.def)             Requested size: 426.79134pt x 189.4539pt.

Overfull \hbox (36.79134pt too wide) in paragraph at lines 37--38
 [] 
 []

<SAUER/Grafiken/Prot1/FFAB.png, id=184, 733.5405pt x 326.4195pt>
File: SAUER/Grafiken/Prot1/FFAB.png Graphic file (type png)
<use SAUER/Grafiken/Prot1/FFAB.png>
Package pdftex.def Info: SAUER/Grafiken/Prot1/FFAB.png  used on input line 43.
(pdftex.def)             Requested size: 426.79134pt x 189.91614pt.

Overfull \hbox (36.79134pt too wide) in paragraph at lines 43--44
 [] 
 []

<SAUER/Grafiken/Prot1/BFAB.png, id=185, 652.839pt x 317.38576pt>
File: SAUER/Grafiken/Prot1/BFAB.png Graphic file (type png)
<use SAUER/Grafiken/Prot1/BFAB.png>
Package pdftex.def Info: SAUER/Grafiken/Prot1/BFAB.png  used on input line 49.
(pdftex.def)             Requested size: 426.79134pt x 207.49449pt.

Overfull \hbox (36.79134pt too wide) in paragraph at lines 49--50
 [] 
 []

) (./SAUER/extADC.tex

LaTeX Warning: `!h' float specifier changed to `!ht'.


LaTeX Warning: `!h' float specifier changed to `!ht'.


LaTeX Warning: `!h' float specifier changed to `!ht'.


LaTeX Warning: `!h' float specifier changed to `!ht'.


LaTeX Warning: `!h' float specifier changed to `!ht'.


LaTeX Warning: `!h' float specifier changed to `!ht'.

[7 <./SAUER/Grafiken/Prot1/Prot1_Schalt.PNG>])) (./Geraete/Geraete.tex
Overfull \hbox (27.2418pt too wide) in paragraph at lines 1--1
[]\OT1/cmr/bx/n/17.28 verwendete Mess-ger^^?ate & En-twick-lungs-boards 
 []

[8 <./SAUER/Grafiken/Prot1/3DF.PNG>]) (./Quellen/Quellen.tex [9 <./SAUER/Grafik
en/Prot1/3DB.PNG>]
Overfull \hbox (91.0373pt too wide) in paragraph at lines 5--7
[][]\OT1/cmr/m/n/12 Ubersicht: DE10-Lite-Board: DE10-Lite[]v.2.1.0[]SystemCD: D
E10-Lite[]User[]Manual.pdf 
 []

[10 <./SAUER/Grafiken/Prot1/Foto.jpeg> <./SAUER/Grafiken/Prot1/FCU.PNG>]
Overfull \hbox (16.3725pt too wide) in paragraph at lines 8--10
[]\OT1/cmr/m/n/12 Schaltplan: DE10-Lite-Board: DE10-Lite[]v.2.1.0[]SystemCD: de
10-lite.pdf 
 []

[11 <./SAUER/Grafiken/Prot1/FFAB.PNG> <./SAUER/Grafiken/Prot1/BFAB.PNG>]
Overfull \hbox (54.64467pt too wide) in paragraph at lines 15--16
[]\OT1/cmr/bx/n/12 LTC1420C: \OT1/cmr/m/n/12 https://www.analog.com/media/en/te
chnical-documentation/data-
 []

) [12] (./Dokumentation_FPGA_Oszi.aux)
Package rerunfilecheck Info: File `Dokumentation_FPGA_Oszi.out' has not changed
.
(rerunfilecheck)             Checksum: 1E0C40F3AE791910FBB09325DB69FA85;3900.
 ) 
Here is how much of TeX's memory you used:
 7985 strings out of 479023
 119196 string characters out of 5863351
 423156 words of memory out of 5000000
 25281 multiletter control sequences out of 15000+600000
 409451 words of font info for 47 fonts, out of 8000000 for 9000
 1141 hyphenation exceptions out of 8191
 71i,11n,74p,977b,390s stack positions out of 5000i,500n,10000p,200000b,80000s
{c:/texlive/2020/texmf-dist/fonts/enc/dvips/cm-super/cm-super-ts1.enc}<c:/tex
live/2020/texmf-dist/fonts/type1/public/amsfonts/cm/cmbx12.pfb><c:/texlive/2020
/texmf-dist/fonts/type1/public/amsfonts/cm/cmmi12.pfb><c:/texlive/2020/texmf-di
st/fonts/type1/public/amsfonts/cm/cmr12.pfb><c:/texlive/2020/texmf-dist/fonts/t
ype1/public/amsfonts/cm/cmr17.pfb><c:/texlive/2020/texmf-dist/fonts/type1/publi
c/amsfonts/cm/cmr8.pfb><c:/texlive/2020/texmf-dist/fonts/type1/public/amsfonts/
cm/cmsy10.pfb><c:/texlive/2020/texmf-dist/fonts/type1/public/amsfonts/cm/cmti12
.pfb><c:/texlive/2020/texmf-dist/fonts/type1/public/amsfonts/cm/cmtt12.pfb><c:/
texlive/2020/texmf-dist/fonts/type1/public/cm-super/sfrm1200.pfb>
Output written on Dokumentation_FPGA_Oszi.pdf (12 pages, 1764131 bytes).
PDF statistics:
 275 PDF objects out of 1000 (max. 8388607)
 229 compressed objects within 3 object streams
 50 named destinations out of 1000 (max. 500000)
 248 words of extra memory for PDF output out of 10000 (max. 10000000)

